<?xml version="1.0" encoding="UTF-8"?>
<!-- Generated by org.testng.reporters.JUnitReportReporter -->
<testsuite hostname="Necr0n" failures="0" tests="1" name="Academy.ValidateNavBarContacts" time="22.089" errors="0" timestamp="18 Aug 2019 04:07:36 GMT" skipped="0">
  <testcase classname="Academy.ValidateNavBarContacts" name="validateNavBarContacts" time="22.089"/>
</testsuite> <!-- Academy.ValidateNavBarContacts -->
