<?xml version="1.0" encoding="UTF-8"?>
<!-- Generated by org.testng.reporters.JUnitReportReporter -->
<testsuite hostname="Necr0n" failures="0" tests="2" name="Academy.ValidateLogin" time="21.407" errors="0" timestamp="19 Aug 2019 07:21:57 GMT" skipped="0">
  <testcase classname="Academy.ValidateLogin" name="basePageNavigation" time="15.181"/>
  <testcase classname="Academy.ValidateLogin" name="basePageNavigation" time="6.226"/>
</testsuite> <!-- Academy.ValidateLogin -->
