<?xml version="1.0" encoding="UTF-8"?>
<!-- Generated by org.testng.reporters.JUnitReportReporter -->
<testsuite hostname="Necr0n" failures="0" tests="2" name="Academy.AppTest" time="53.298" errors="0" timestamp="18 Aug 2019 05:22:51 GMT" skipped="0">
  <testcase classname="Academy.AppTest" name="basePageNavigation" time="25.952"/>
  <testcase classname="Academy.AppTest" name="basePageNavigation" time="27.346"/>
</testsuite> <!-- Academy.AppTest -->
