<?xml version="1.0" encoding="UTF-8"?>
<!-- Generated by org.testng.reporters.JUnitReportReporter -->
<testsuite hostname="Necr0n" failures="0" tests="1" name="Academy.ValidateFeatureTitleTest" time="0.080" errors="0" timestamp="19 Aug 2019 10:13:22 GMT" skipped="0">
  <testcase classname="Academy.ValidateFeatureTitleTest" name="validateTitle" time="0.080"/>
</testsuite> <!-- Academy.ValidateFeatureTitleTest -->
