<?xml version="1.0" encoding="UTF-8"?>
<!-- Generated by org.testng.reporters.JUnitReportReporter -->
<testsuite hostname="Necr0n" failures="0" tests="2" name="Academy.ValidateLogin" time="25.356" errors="0" timestamp="19 Aug 2019 10:13:22 GMT" skipped="0">
  <testcase classname="Academy.ValidateLogin" name="basePageNavigation" time="17.967"/>
  <testcase classname="Academy.ValidateLogin" name="basePageNavigation" time="7.389"/>
</testsuite> <!-- Academy.ValidateLogin -->
